<?xml version="1.0" encoding="UTF-8"?>
<testng-results ignored="0" total="1" passed="1" failed="0" skipped="0">
  <reporter-output>
  </reporter-output>
  <suite started-at="2022-11-18T09:09:43 IST" name="Default suite" finished-at="2022-11-18T09:09:51 IST" duration-ms="8120">
    <groups>
    </groups>
    <test started-at="2022-11-18T09:09:43 IST" name="Default test" finished-at="2022-11-18T09:09:51 IST" duration-ms="8120">
      <class name="AutomationTraining.ExtendReports.ExtendReportsDemo">
        <test-method is-config="true" signature="config()[pri:0, instance:AutomationTraining.ExtendReports.ExtendReportsDemo@20140db9]" started-at="2022-11-18T09:09:43 IST" name="config" finished-at="2022-11-18T09:09:44 IST" duration-ms="250" status="PASS">
          <reporter-output>
          </reporter-output>
        </test-method> <!-- config -->
        <test-method signature="IntialDemo()[pri:0, instance:AutomationTraining.ExtendReports.ExtendReportsDemo@20140db9]" started-at="2022-11-18T09:09:44 IST" name="IntialDemo" finished-at="2022-11-18T09:09:51 IST" duration-ms="7834" status="PASS">
          <reporter-output>
          </reporter-output>
        </test-method> <!-- IntialDemo -->
      </class> <!-- AutomationTraining.ExtendReports.ExtendReportsDemo -->
    </test> <!-- Default test -->
  </suite> <!-- Default suite -->
</testng-results>
